c:\users\user\desktop\677\multi-threaded image processing\multi-threaded image processing\release\multi-threaded image processing.pch
c:\users\user\desktop\677\multi-threaded image processing\multi-threaded image processing\release\vc140.pdb
c:\users\user\desktop\677\multi-threaded image processing\multi-threaded image processing\release\stdafx.obj
c:\users\user\desktop\677\multi-threaded image processing\multi-threaded image processing\release\multi-threaded image processing.obj
c:\users\user\repo\677\p2\image-processing-using-sobel\release\multi-threaded image processing.pch
c:\users\user\repo\677\p2\image-processing-using-sobel\release\vc140.pdb
c:\users\user\repo\677\p2\image-processing-using-sobel\release\stdafx.obj
c:\users\user\repo\677\p2\image-processing-using-sobel\release\multi-threaded image processing.obj
c:\users\user\desktop\677\multi-threaded image processing\release\multi-threaded image processing.exe
c:\users\user\desktop\677\multi-threaded image processing\release\multi-threaded image processing.ipdb
c:\users\user\desktop\677\multi-threaded image processing\release\multi-threaded image processing.iobj
c:\users\user\desktop\677\multi-threaded image processing\release\multi-threaded image processing.pdb
c:\users\user\repo\677\p2\image-processing-using-sobel\release\multi-threaded image processing.exe
c:\users\user\repo\677\p2\image-processing-using-sobel\release\multi-threaded image processing.ipdb
c:\users\user\repo\677\p2\image-processing-using-sobel\release\multi-threaded image processing.iobj
c:\users\user\repo\677\p2\image-processing-using-sobel\release\multi-threaded image processing.pdb
c:\users\user\repo\677\p2\image-processing-using-sobel\release\multi-th.344eaa4a.tlog\cl.command.1.tlog
c:\users\user\repo\677\p2\image-processing-using-sobel\release\multi-th.344eaa4a.tlog\cl.read.1.tlog
c:\users\user\repo\677\p2\image-processing-using-sobel\release\multi-th.344eaa4a.tlog\cl.write.1.tlog
c:\users\user\repo\677\p2\image-processing-using-sobel\release\multi-th.344eaa4a.tlog\link.command.1.tlog
c:\users\user\repo\677\p2\image-processing-using-sobel\release\multi-th.344eaa4a.tlog\link.read.1.tlog
c:\users\user\repo\677\p2\image-processing-using-sobel\release\multi-th.344eaa4a.tlog\link.write.1.tlog
